2023-07-21 23:20:50,427 [Worker-4: Loading available Gradle versions] INFO  o.e.b.c.i.u.g.PublishedGradleVersions - Gradle version information cache is up-to-date. Trying to read.
2023-07-21 23:21:25,422 [Worker-5: Importing Maven projects] INFO  o.e.m.c.i.l.LifecycleMappingFactory - Using org.eclipse.m2e.jdt.JarLifecycleMapping lifecycle mapping for MavenProject: com.sweetsdelight_bk:SweetsDelight_BK:0.0.1-SNAPSHOT @ C:\Users\Yadav\Desktop\Unit 6 project\frail-power-8560\SweetsDelight_BK\pom.xml.
2023-07-21 23:21:30,687 [Worker-5: Importing Maven projects] INFO  o.e.m.j.i.AbstractJavaProjectConfigurator - Adding source folder /SweetsDelight_BK/src/main/java
2023-07-21 23:21:30,689 [Worker-5: Importing Maven projects] INFO  o.e.m.j.i.AbstractJavaProjectConfigurator - Adding resource folder /SweetsDelight_BK/src/main/resources
2023-07-21 23:21:30,702 [Worker-5: Importing Maven projects] INFO  o.e.m.j.i.AbstractJavaProjectConfigurator - Adding resource folder /SweetsDelight_BK/src/main/resources
2023-07-21 23:21:30,718 [Worker-5: Importing Maven projects] INFO  o.e.m.j.i.AbstractJavaProjectConfigurator - Adding source folder /SweetsDelight_BK/src/test/java
2023-07-21 23:21:34,231 [Worker-5: Importing Maven projects] INFO  o.e.m.c.i.p.ProjectConfigurationManager - Imported and configured 1 project(s) in 13 sec
2023-07-21 23:21:36,433 [Worker-5: Updating Maven Project] INFO  o.e.m.c.i.p.ProjectConfigurationManager - Update started
2023-07-21 23:21:37,825 [Worker-5: Updating Maven Project] INFO  o.e.m.c.i.l.LifecycleMappingFactory - Using org.eclipse.m2e.jdt.JarLifecycleMapping lifecycle mapping for MavenProject: com.sweetsdelight_bk:SweetsDelight_BK:0.0.1-SNAPSHOT @ C:\Users\Yadav\Desktop\Unit 6 project\frail-power-8560\SweetsDelight_BK\pom.xml.
2023-07-21 23:21:39,064 [Worker-5: Updating Maven Project] INFO  o.e.m.j.i.AbstractJavaProjectConfigurator - Adding source folder /SweetsDelight_BK/src/main/java
2023-07-21 23:21:39,064 [Worker-5: Updating Maven Project] INFO  o.e.m.j.i.AbstractJavaProjectConfigurator - Adding resource folder /SweetsDelight_BK/src/main/resources
2023-07-21 23:21:39,065 [Worker-5: Updating Maven Project] INFO  o.e.m.j.i.AbstractJavaProjectConfigurator - Adding resource folder /SweetsDelight_BK/src/main/resources
2023-07-21 23:21:39,066 [Worker-5: Updating Maven Project] INFO  o.e.m.j.i.AbstractJavaProjectConfigurator - Adding source folder /SweetsDelight_BK/src/test/java
2023-07-21 23:21:40,115 [Worker-5: Updating Maven Project] INFO  o.e.m.c.i.p.ProjectConfigurationManager - Update completed for 1 poms: local refresh takes 0.00 sec, refresh facades takes 2.00 sec, update config takes 0.00 sec 
2023-07-21 23:47:25,295 [Worker-0: Loading available Gradle versions] INFO  o.e.b.c.i.u.g.PublishedGradleVersions - Gradle version information cache is up-to-date. Trying to read.
2023-07-21 23:49:07,230 [Worker-6: Building] INFO  o.a.m.s.f.DefaultMavenResourcesFiltering - Copying 1 resource from src\main\resources to target\classes
2023-07-21 23:49:07,261 [Worker-6: Building] INFO  o.a.m.s.f.DefaultMavenResourcesFiltering - Copying 0 resource from src\main\resources to target\classes
2023-07-21 23:49:07,266 [Worker-6: Building] INFO  o.a.m.s.f.DefaultMavenResourcesFiltering - skip non existing resourceDirectory C:\Users\Yadav\Desktop\Unit 6 project\frail-power-8560\SweetsDelight_BK\src\test\resources
2023-07-21 23:50:01,733 [Worker-6: Building] INFO  o.a.m.s.f.DefaultMavenResourcesFiltering - Copying 1 resource from src\main\resources to target\classes
2023-07-21 23:50:01,772 [Worker-6: Building] INFO  o.a.m.s.f.DefaultMavenResourcesFiltering - Copying 0 resource from src\main\resources to target\classes
2023-07-21 23:50:02,039 [Worker-6: Building] INFO  o.a.m.s.f.DefaultMavenResourcesFiltering - skip non existing resourceDirectory C:\Users\Yadav\Desktop\Unit 6 project\frail-power-8560\SweetsDelight_BK\src\test\resources
2023-07-22 00:21:10,587 [Worker-10: Building] INFO  o.a.m.s.f.DefaultMavenResourcesFiltering - Copying 1 resource from src\main\resources to target\classes
2023-07-22 00:21:10,685 [Worker-10: Building] INFO  o.a.m.s.f.DefaultMavenResourcesFiltering - Copying 0 resource from src\main\resources to target\classes
2023-07-22 00:21:42,841 [Worker-1: Loading available Gradle versions] INFO  o.e.b.c.i.u.g.PublishedGradleVersions - Gradle version information cache is up-to-date. Trying to read.
2023-07-22 00:32:55,726 [Worker-2: Building] INFO  o.a.m.s.f.DefaultMavenResourcesFiltering - Copying 1 resource from src\main\resources to target\classes
2023-07-22 00:32:55,749 [Worker-2: Building] INFO  o.a.m.s.f.DefaultMavenResourcesFiltering - Copying 0 resource from src\main\resources to target\classes
2023-07-22 00:32:55,760 [Worker-2: Building] INFO  o.a.m.s.f.DefaultMavenResourcesFiltering - skip non existing resourceDirectory C:\Users\Yadav\Desktop\Unit 6 project\frail-power-8560\SweetsDelight_BK\src\test\resources
2023-07-22 00:32:58,944 [Worker-13: Building] INFO  o.a.m.s.f.DefaultMavenResourcesFiltering - Copying 1 resource from src\main\resources to target\classes
2023-07-22 00:32:58,965 [Worker-13: Building] INFO  o.a.m.s.f.DefaultMavenResourcesFiltering - Copying 0 resource from src\main\resources to target\classes
2023-07-22 00:32:58,976 [Worker-13: Building] INFO  o.a.m.s.f.DefaultMavenResourcesFiltering - skip non existing resourceDirectory C:\Users\Yadav\Desktop\Unit 6 project\frail-power-8560\SweetsDelight_BK\src\test\resources
2023-07-22 00:38:39,743 [Worker-20: Building] INFO  o.a.m.s.f.DefaultMavenResourcesFiltering - Copying 1 resource from src\main\resources to target\classes
2023-07-22 00:38:39,748 [Worker-20: Building] INFO  o.a.m.s.f.DefaultMavenResourcesFiltering - Copying 0 resource from src\main\resources to target\classes
2023-07-22 00:38:39,752 [Worker-20: Building] INFO  o.a.m.s.f.DefaultMavenResourcesFiltering - skip non existing resourceDirectory C:\Users\Yadav\Desktop\Unit 6 project\frail-power-8560\SweetsDelight_BK\src\test\resources
2023-07-22 00:49:22,467 [Worker-22: Building] INFO  o.a.m.s.f.DefaultMavenResourcesFiltering - Copying 1 resource from src\main\resources to target\classes
2023-07-22 00:49:22,490 [Worker-22: Building] INFO  o.a.m.s.f.DefaultMavenResourcesFiltering - Copying 0 resource from src\main\resources to target\classes
2023-07-22 00:49:22,495 [Worker-22: Building] INFO  o.a.m.s.f.DefaultMavenResourcesFiltering - skip non existing resourceDirectory C:\Users\Yadav\Desktop\Unit 6 project\frail-power-8560\SweetsDelight_BK\src\test\resources
2023-07-22 00:49:39,801 [Worker-23: Building] INFO  o.a.m.s.f.DefaultMavenResourcesFiltering - Copying 1 resource from src\main\resources to target\classes
2023-07-22 00:49:39,806 [Worker-23: Building] INFO  o.a.m.s.f.DefaultMavenResourcesFiltering - Copying 0 resource from src\main\resources to target\classes
2023-07-22 00:49:39,810 [Worker-23: Building] INFO  o.a.m.s.f.DefaultMavenResourcesFiltering - skip non existing resourceDirectory C:\Users\Yadav\Desktop\Unit 6 project\frail-power-8560\SweetsDelight_BK\src\test\resources
2023-07-22 00:49:59,705 [Worker-25: Building] INFO  o.a.m.s.f.DefaultMavenResourcesFiltering - Copying 1 resource from src\main\resources to target\classes
2023-07-22 00:49:59,710 [Worker-25: Building] INFO  o.a.m.s.f.DefaultMavenResourcesFiltering - Copying 0 resource from src\main\resources to target\classes
2023-07-22 00:49:59,714 [Worker-25: Building] INFO  o.a.m.s.f.DefaultMavenResourcesFiltering - skip non existing resourceDirectory C:\Users\Yadav\Desktop\Unit 6 project\frail-power-8560\SweetsDelight_BK\src\test\resources
2023-07-22 00:52:01,041 [Worker-26: Building] INFO  o.a.m.s.f.DefaultMavenResourcesFiltering - Copying 1 resource from src\main\resources to target\classes
2023-07-22 00:52:01,047 [Worker-26: Building] INFO  o.a.m.s.f.DefaultMavenResourcesFiltering - Copying 0 resource from src\main\resources to target\classes
2023-07-22 00:52:01,051 [Worker-26: Building] INFO  o.a.m.s.f.DefaultMavenResourcesFiltering - skip non existing resourceDirectory C:\Users\Yadav\Desktop\Unit 6 project\frail-power-8560\SweetsDelight_BK\src\test\resources
2023-07-22 00:52:11,588 [Worker-26: Building] INFO  o.a.m.s.f.DefaultMavenResourcesFiltering - Copying 1 resource from src\main\resources to target\classes
2023-07-22 00:52:11,594 [Worker-26: Building] INFO  o.a.m.s.f.DefaultMavenResourcesFiltering - Copying 0 resource from src\main\resources to target\classes
2023-07-22 00:52:11,603 [Worker-26: Building] INFO  o.a.m.s.f.DefaultMavenResourcesFiltering - skip non existing resourceDirectory C:\Users\Yadav\Desktop\Unit 6 project\frail-power-8560\SweetsDelight_BK\src\test\resources
2023-07-22 00:53:21,944 [Worker-26: Building] INFO  o.a.m.s.f.DefaultMavenResourcesFiltering - Copying 1 resource from src\main\resources to target\classes
2023-07-22 00:53:21,951 [Worker-26: Building] INFO  o.a.m.s.f.DefaultMavenResourcesFiltering - Copying 0 resource from src\main\resources to target\classes
2023-07-22 00:53:21,955 [Worker-26: Building] INFO  o.a.m.s.f.DefaultMavenResourcesFiltering - skip non existing resourceDirectory C:\Users\Yadav\Desktop\Unit 6 project\frail-power-8560\SweetsDelight_BK\src\test\resources
2023-07-22 00:56:53,719 [Worker-26: Building] INFO  o.a.m.s.f.DefaultMavenResourcesFiltering - Copying 1 resource from src\main\resources to target\classes
2023-07-22 00:56:53,724 [Worker-26: Building] INFO  o.a.m.s.f.DefaultMavenResourcesFiltering - Copying 0 resource from src\main\resources to target\classes
2023-07-22 00:56:53,730 [Worker-26: Building] INFO  o.a.m.s.f.DefaultMavenResourcesFiltering - skip non existing resourceDirectory C:\Users\Yadav\Desktop\Unit 6 project\frail-power-8560\SweetsDelight_BK\src\test\resources
2023-07-22 00:57:03,375 [Worker-28: Building] INFO  o.a.m.s.f.DefaultMavenResourcesFiltering - Copying 1 resource from src\main\resources to target\classes
2023-07-22 00:57:03,380 [Worker-28: Building] INFO  o.a.m.s.f.DefaultMavenResourcesFiltering - Copying 0 resource from src\main\resources to target\classes
2023-07-22 00:57:03,384 [Worker-28: Building] INFO  o.a.m.s.f.DefaultMavenResourcesFiltering - skip non existing resourceDirectory C:\Users\Yadav\Desktop\Unit 6 project\frail-power-8560\SweetsDelight_BK\src\test\resources
2023-07-22 00:59:33,406 [Worker-27: Launching SweetsDelight_BK - SweetsDelightBkApplication] INFO  o.a.m.s.f.DefaultMavenResourcesFiltering - Copying 1 resource from src\main\resources to target\classes
2023-07-22 00:59:33,411 [Worker-27: Launching SweetsDelight_BK - SweetsDelightBkApplication] INFO  o.a.m.s.f.DefaultMavenResourcesFiltering - Copying 0 resource from src\main\resources to target\classes
2023-07-22 00:59:33,415 [Worker-27: Launching SweetsDelight_BK - SweetsDelightBkApplication] INFO  o.a.m.s.f.DefaultMavenResourcesFiltering - skip non existing resourceDirectory C:\Users\Yadav\Desktop\Unit 6 project\frail-power-8560\SweetsDelight_BK\src\test\resources
2023-07-22 01:00:29,777 [Worker-31: Building] INFO  o.a.m.s.f.DefaultMavenResourcesFiltering - Copying 1 resource from src\main\resources to target\classes
2023-07-22 01:00:29,782 [Worker-31: Building] INFO  o.a.m.s.f.DefaultMavenResourcesFiltering - Copying 0 resource from src\main\resources to target\classes
2023-07-22 01:00:29,785 [Worker-31: Building] INFO  o.a.m.s.f.DefaultMavenResourcesFiltering - skip non existing resourceDirectory C:\Users\Yadav\Desktop\Unit 6 project\frail-power-8560\SweetsDelight_BK\src\test\resources
2023-07-22 01:48:33,062 [Worker-35: Building] INFO  o.a.m.s.f.DefaultMavenResourcesFiltering - Copying 1 resource from src\main\resources to target\classes
2023-07-22 01:48:33,138 [Worker-35: Building] INFO  o.a.m.s.f.DefaultMavenResourcesFiltering - Copying 0 resource from src\main\resources to target\classes
2023-07-22 01:48:33,142 [Worker-35: Building] INFO  o.a.m.s.f.DefaultMavenResourcesFiltering - skip non existing resourceDirectory C:\Users\Yadav\Desktop\Unit 6 project\frail-power-8560\SweetsDelight_BK\src\test\resources
2023-07-22 01:49:03,327 [Worker-37: Building] INFO  o.a.m.s.f.DefaultMavenResourcesFiltering - Copying 1 resource from src\main\resources to target\classes
2023-07-22 01:49:03,343 [Worker-37: Building] INFO  o.a.m.s.f.DefaultMavenResourcesFiltering - Copying 0 resource from src\main\resources to target\classes
2023-07-22 01:49:03,347 [Worker-37: Building] INFO  o.a.m.s.f.DefaultMavenResourcesFiltering - skip non existing resourceDirectory C:\Users\Yadav\Desktop\Unit 6 project\frail-power-8560\SweetsDelight_BK\src\test\resources
2023-07-22 01:49:57,672 [Worker-35: Building] INFO  o.a.m.s.f.DefaultMavenResourcesFiltering - Copying 1 resource from src\main\resources to target\classes
2023-07-22 01:49:57,677 [Worker-35: Building] INFO  o.a.m.s.f.DefaultMavenResourcesFiltering - Copying 0 resource from src\main\resources to target\classes
2023-07-22 01:49:57,682 [Worker-35: Building] INFO  o.a.m.s.f.DefaultMavenResourcesFiltering - skip non existing resourceDirectory C:\Users\Yadav\Desktop\Unit 6 project\frail-power-8560\SweetsDelight_BK\src\test\resources
2023-07-22 01:51:16,093 [Worker-36: Launching SweetsDelight_BK - SweetsDelightBkApplication] INFO  o.a.m.s.f.DefaultMavenResourcesFiltering - Copying 1 resource from src\main\resources to target\classes
2023-07-22 01:51:16,115 [Worker-36: Launching SweetsDelight_BK - SweetsDelightBkApplication] INFO  o.a.m.s.f.DefaultMavenResourcesFiltering - Copying 0 resource from src\main\resources to target\classes
2023-07-22 01:51:16,118 [Worker-36: Launching SweetsDelight_BK - SweetsDelightBkApplication] INFO  o.a.m.s.f.DefaultMavenResourcesFiltering - skip non existing resourceDirectory C:\Users\Yadav\Desktop\Unit 6 project\frail-power-8560\SweetsDelight_BK\src\test\resources
2023-07-22 01:57:18,803 [Worker-39: Building] INFO  o.a.m.s.f.DefaultMavenResourcesFiltering - Copying 1 resource from src\main\resources to target\classes
2023-07-22 01:57:18,807 [Worker-39: Building] INFO  o.a.m.s.f.DefaultMavenResourcesFiltering - Copying 0 resource from src\main\resources to target\classes
2023-07-22 01:57:18,809 [Worker-39: Building] INFO  o.a.m.s.f.DefaultMavenResourcesFiltering - skip non existing resourceDirectory C:\Users\Yadav\Desktop\Unit 6 project\frail-power-8560\SweetsDelight_BK\src\test\resources
2023-07-22 02:00:35,671 [Worker-39: Building] INFO  o.a.m.s.f.DefaultMavenResourcesFiltering - Copying 1 resource from src\main\resources to target\classes
2023-07-22 02:00:35,679 [Worker-39: Building] INFO  o.a.m.s.f.DefaultMavenResourcesFiltering - Copying 0 resource from src\main\resources to target\classes
2023-07-22 02:00:35,682 [Worker-39: Building] INFO  o.a.m.s.f.DefaultMavenResourcesFiltering - skip non existing resourceDirectory C:\Users\Yadav\Desktop\Unit 6 project\frail-power-8560\SweetsDelight_BK\src\test\resources
2023-07-22 02:03:54,585 [Worker-46: Launching SweetsDelight_BK - SweetsDelightBkApplication] INFO  o.a.m.s.f.DefaultMavenResourcesFiltering - Copying 1 resource from src\main\resources to target\classes
2023-07-22 02:03:54,590 [Worker-46: Launching SweetsDelight_BK - SweetsDelightBkApplication] INFO  o.a.m.s.f.DefaultMavenResourcesFiltering - Copying 0 resource from src\main\resources to target\classes
2023-07-22 02:03:54,594 [Worker-46: Launching SweetsDelight_BK - SweetsDelightBkApplication] INFO  o.a.m.s.f.DefaultMavenResourcesFiltering - skip non existing resourceDirectory C:\Users\Yadav\Desktop\Unit 6 project\frail-power-8560\SweetsDelight_BK\src\test\resources
2023-07-22 02:22:57,443 [Worker-52: Building] INFO  o.a.m.s.f.DefaultMavenResourcesFiltering - Copying 1 resource from src\main\resources to target\classes
2023-07-22 02:22:57,451 [Worker-52: Building] INFO  o.a.m.s.f.DefaultMavenResourcesFiltering - Copying 0 resource from src\main\resources to target\classes
2023-07-22 02:22:57,457 [Worker-52: Building] INFO  o.a.m.s.f.DefaultMavenResourcesFiltering - skip non existing resourceDirectory C:\Users\Yadav\Desktop\Unit 6 project\frail-power-8560\SweetsDelight_BK\src\test\resources
2023-07-22 02:25:50,827 [Worker-53: Launching SweetsDelight_BK - SweetsDelightBkApplication] INFO  o.a.m.s.f.DefaultMavenResourcesFiltering - Copying 1 resource from src\main\resources to target\classes
2023-07-22 02:25:50,843 [Worker-53: Launching SweetsDelight_BK - SweetsDelightBkApplication] INFO  o.a.m.s.f.DefaultMavenResourcesFiltering - Copying 0 resource from src\main\resources to target\classes
2023-07-22 02:25:50,847 [Worker-53: Launching SweetsDelight_BK - SweetsDelightBkApplication] INFO  o.a.m.s.f.DefaultMavenResourcesFiltering - skip non existing resourceDirectory C:\Users\Yadav\Desktop\Unit 6 project\frail-power-8560\SweetsDelight_BK\src\test\resources
2023-07-22 02:26:37,080 [Worker-56: Launching SweetsDelight_BK - SweetsDelightBkApplication] INFO  o.a.m.s.f.DefaultMavenResourcesFiltering - Copying 1 resource from src\main\resources to target\classes
2023-07-22 02:26:37,177 [Worker-56: Launching SweetsDelight_BK - SweetsDelightBkApplication] INFO  o.a.m.s.f.DefaultMavenResourcesFiltering - Copying 0 resource from src\main\resources to target\classes
2023-07-22 02:26:37,181 [Worker-56: Launching SweetsDelight_BK - SweetsDelightBkApplication] INFO  o.a.m.s.f.DefaultMavenResourcesFiltering - skip non existing resourceDirectory C:\Users\Yadav\Desktop\Unit 6 project\frail-power-8560\SweetsDelight_BK\src\test\resources
2023-07-22 02:34:57,009 [Worker-62: Launching SweetsDelight_BK - SweetsDelightBkApplication] INFO  o.a.m.s.f.DefaultMavenResourcesFiltering - Copying 1 resource from src\main\resources to target\classes
2023-07-22 02:34:57,020 [Worker-62: Launching SweetsDelight_BK - SweetsDelightBkApplication] INFO  o.a.m.s.f.DefaultMavenResourcesFiltering - Copying 0 resource from src\main\resources to target\classes
2023-07-22 02:34:57,023 [Worker-62: Launching SweetsDelight_BK - SweetsDelightBkApplication] INFO  o.a.m.s.f.DefaultMavenResourcesFiltering - skip non existing resourceDirectory C:\Users\Yadav\Desktop\Unit 6 project\frail-power-8560\SweetsDelight_BK\src\test\resources
2023-07-22 02:36:33,068 [Worker-61: Launching SweetsDelight_BK - SweetsDelightBkApplication] INFO  o.a.m.s.f.DefaultMavenResourcesFiltering - Copying 1 resource from src\main\resources to target\classes
2023-07-22 02:36:33,068 [Worker-61: Launching SweetsDelight_BK - SweetsDelightBkApplication] INFO  o.a.m.s.f.DefaultMavenResourcesFiltering - Copying 0 resource from src\main\resources to target\classes
2023-07-22 02:36:33,068 [Worker-61: Launching SweetsDelight_BK - SweetsDelightBkApplication] INFO  o.a.m.s.f.DefaultMavenResourcesFiltering - skip non existing resourceDirectory C:\Users\Yadav\Desktop\Unit 6 project\frail-power-8560\SweetsDelight_BK\src\test\resources
2023-07-22 02:40:35,468 [Worker-66: Building] INFO  o.a.m.s.f.DefaultMavenResourcesFiltering - Copying 1 resource from src\main\resources to target\classes
2023-07-22 02:40:35,473 [Worker-66: Building] INFO  o.a.m.s.f.DefaultMavenResourcesFiltering - Copying 0 resource from src\main\resources to target\classes
2023-07-22 02:40:35,477 [Worker-66: Building] INFO  o.a.m.s.f.DefaultMavenResourcesFiltering - skip non existing resourceDirectory C:\Users\Yadav\Desktop\Unit 6 project\frail-power-8560\SweetsDelight_BK\src\test\resources
2023-07-22 02:42:22,376 [Worker-66: Building] INFO  o.a.m.s.f.DefaultMavenResourcesFiltering - Copying 1 resource from src\main\resources to target\classes
2023-07-22 02:42:22,391 [Worker-66: Building] INFO  o.a.m.s.f.DefaultMavenResourcesFiltering - Copying 0 resource from src\main\resources to target\classes
2023-07-22 02:42:22,394 [Worker-66: Building] INFO  o.a.m.s.f.DefaultMavenResourcesFiltering - skip non existing resourceDirectory C:\Users\Yadav\Desktop\Unit 6 project\frail-power-8560\SweetsDelight_BK\src\test\resources
2023-07-22 02:43:27,668 [Worker-69: Building] INFO  o.a.m.s.f.DefaultMavenResourcesFiltering - Copying 1 resource from src\main\resources to target\classes
2023-07-22 02:43:27,679 [Worker-69: Building] INFO  o.a.m.s.f.DefaultMavenResourcesFiltering - Copying 0 resource from src\main\resources to target\classes
2023-07-22 02:43:27,682 [Worker-69: Building] INFO  o.a.m.s.f.DefaultMavenResourcesFiltering - skip non existing resourceDirectory C:\Users\Yadav\Desktop\Unit 6 project\frail-power-8560\SweetsDelight_BK\src\test\resources
2023-07-22 02:43:39,520 [Worker-69: Building] INFO  o.a.m.s.f.DefaultMavenResourcesFiltering - Copying 1 resource from src\main\resources to target\classes
2023-07-22 02:43:39,523 [Worker-69: Building] INFO  o.a.m.s.f.DefaultMavenResourcesFiltering - Copying 0 resource from src\main\resources to target\classes
2023-07-22 02:43:39,527 [Worker-69: Building] INFO  o.a.m.s.f.DefaultMavenResourcesFiltering - skip non existing resourceDirectory C:\Users\Yadav\Desktop\Unit 6 project\frail-power-8560\SweetsDelight_BK\src\test\resources
2023-07-22 02:48:27,898 [Worker-71: Building] INFO  o.a.m.s.f.DefaultMavenResourcesFiltering - Copying 1 resource from src\main\resources to target\classes
2023-07-22 02:48:27,903 [Worker-71: Building] INFO  o.a.m.s.f.DefaultMavenResourcesFiltering - Copying 0 resource from src\main\resources to target\classes
2023-07-22 02:48:27,907 [Worker-71: Building] INFO  o.a.m.s.f.DefaultMavenResourcesFiltering - skip non existing resourceDirectory C:\Users\Yadav\Desktop\Unit 6 project\frail-power-8560\SweetsDelight_BK\src\test\resources
2023-07-22 09:17:33,698 [Worker-66: Building] INFO  o.a.m.s.f.DefaultMavenResourcesFiltering - Copying 1 resource from src\main\resources to target\classes
2023-07-22 09:17:33,719 [Worker-66: Building] INFO  o.a.m.s.f.DefaultMavenResourcesFiltering - Copying 0 resource from src\main\resources to target\classes
2023-07-22 09:17:33,721 [Worker-66: Building] INFO  o.a.m.s.f.DefaultMavenResourcesFiltering - skip non existing resourceDirectory C:\Users\Yadav\Desktop\Unit 6 project\frail-power-8560\SweetsDelight_BK\src\test\resources
2023-07-22 09:23:38,548 [Worker-78: Building] INFO  o.a.m.s.f.DefaultMavenResourcesFiltering - Copying 1 resource from src\main\resources to target\classes
2023-07-22 09:23:38,591 [Worker-78: Building] INFO  o.a.m.s.f.DefaultMavenResourcesFiltering - Copying 0 resource from src\main\resources to target\classes
2023-07-22 09:23:38,596 [Worker-78: Building] INFO  o.a.m.s.f.DefaultMavenResourcesFiltering - skip non existing resourceDirectory C:\Users\Yadav\Desktop\Unit 6 project\frail-power-8560\SweetsDelight_BK\src\test\resources
2023-07-22 09:25:38,772 [Worker-75: Launching SweetsDelight_BK - SweetsDelightBkApplication] INFO  o.a.m.s.f.DefaultMavenResourcesFiltering - Copying 1 resource from src\main\resources to target\classes
2023-07-22 09:25:38,779 [Worker-75: Launching SweetsDelight_BK - SweetsDelightBkApplication] INFO  o.a.m.s.f.DefaultMavenResourcesFiltering - Copying 0 resource from src\main\resources to target\classes
2023-07-22 09:25:38,782 [Worker-75: Launching SweetsDelight_BK - SweetsDelightBkApplication] INFO  o.a.m.s.f.DefaultMavenResourcesFiltering - skip non existing resourceDirectory C:\Users\Yadav\Desktop\Unit 6 project\frail-power-8560\SweetsDelight_BK\src\test\resources
2023-07-22 09:27:06,789 [Worker-75: Building] INFO  o.a.m.s.f.DefaultMavenResourcesFiltering - Copying 1 resource from src\main\resources to target\classes
2023-07-22 09:27:06,817 [Worker-75: Building] INFO  o.a.m.s.f.DefaultMavenResourcesFiltering - Copying 0 resource from src\main\resources to target\classes
2023-07-22 09:27:06,821 [Worker-75: Building] INFO  o.a.m.s.f.DefaultMavenResourcesFiltering - skip non existing resourceDirectory C:\Users\Yadav\Desktop\Unit 6 project\frail-power-8560\SweetsDelight_BK\src\test\resources
2023-07-22 09:28:41,889 [Worker-79: Launching SweetsDelight_BK - SweetsDelightBkApplication] INFO  o.a.m.s.f.DefaultMavenResourcesFiltering - Copying 1 resource from src\main\resources to target\classes
2023-07-22 09:28:41,896 [Worker-79: Launching SweetsDelight_BK - SweetsDelightBkApplication] INFO  o.a.m.s.f.DefaultMavenResourcesFiltering - Copying 0 resource from src\main\resources to target\classes
2023-07-22 09:28:41,900 [Worker-79: Launching SweetsDelight_BK - SweetsDelightBkApplication] INFO  o.a.m.s.f.DefaultMavenResourcesFiltering - skip non existing resourceDirectory C:\Users\Yadav\Desktop\Unit 6 project\frail-power-8560\SweetsDelight_BK\src\test\resources
2023-07-22 09:33:00,107 [Worker-67: Building] INFO  o.a.m.s.f.DefaultMavenResourcesFiltering - Copying 1 resource from src\main\resources to target\classes
2023-07-22 09:33:00,112 [Worker-67: Building] INFO  o.a.m.s.f.DefaultMavenResourcesFiltering - Copying 0 resource from src\main\resources to target\classes
2023-07-22 09:33:00,116 [Worker-67: Building] INFO  o.a.m.s.f.DefaultMavenResourcesFiltering - skip non existing resourceDirectory C:\Users\Yadav\Desktop\Unit 6 project\frail-power-8560\SweetsDelight_BK\src\test\resources
2023-07-22 09:33:47,970 [Worker-83: Launching SweetsDelight_BK - SweetsDelightBkApplication] INFO  o.a.m.s.f.DefaultMavenResourcesFiltering - Copying 1 resource from src\main\resources to target\classes
2023-07-22 09:33:47,970 [Worker-83: Launching SweetsDelight_BK - SweetsDelightBkApplication] INFO  o.a.m.s.f.DefaultMavenResourcesFiltering - Copying 0 resource from src\main\resources to target\classes
2023-07-22 09:33:47,970 [Worker-83: Launching SweetsDelight_BK - SweetsDelightBkApplication] INFO  o.a.m.s.f.DefaultMavenResourcesFiltering - skip non existing resourceDirectory C:\Users\Yadav\Desktop\Unit 6 project\frail-power-8560\SweetsDelight_BK\src\test\resources
2023-07-22 09:36:38,369 [Worker-75: Launching SweetsDelight_BK - SweetsDelightBkApplication] INFO  o.a.m.s.f.DefaultMavenResourcesFiltering - Copying 1 resource from src\main\resources to target\classes
2023-07-22 09:36:38,374 [Worker-75: Launching SweetsDelight_BK - SweetsDelightBkApplication] INFO  o.a.m.s.f.DefaultMavenResourcesFiltering - Copying 0 resource from src\main\resources to target\classes
2023-07-22 09:36:38,379 [Worker-75: Launching SweetsDelight_BK - SweetsDelightBkApplication] INFO  o.a.m.s.f.DefaultMavenResourcesFiltering - skip non existing resourceDirectory C:\Users\Yadav\Desktop\Unit 6 project\frail-power-8560\SweetsDelight_BK\src\test\resources
2023-07-22 09:36:57,440 [Worker-83: Building] INFO  o.a.m.s.f.DefaultMavenResourcesFiltering - Copying 1 resource from src\main\resources to target\classes
2023-07-22 09:36:57,447 [Worker-83: Building] INFO  o.a.m.s.f.DefaultMavenResourcesFiltering - Copying 0 resource from src\main\resources to target\classes
2023-07-22 09:36:57,450 [Worker-83: Building] INFO  o.a.m.s.f.DefaultMavenResourcesFiltering - skip non existing resourceDirectory C:\Users\Yadav\Desktop\Unit 6 project\frail-power-8560\SweetsDelight_BK\src\test\resources
2023-07-22 09:40:03,957 [Worker-80: Building] INFO  o.a.m.s.f.DefaultMavenResourcesFiltering - Copying 1 resource from src\main\resources to target\classes
2023-07-22 09:40:03,962 [Worker-80: Building] INFO  o.a.m.s.f.DefaultMavenResourcesFiltering - Copying 0 resource from src\main\resources to target\classes
2023-07-22 09:40:03,965 [Worker-80: Building] INFO  o.a.m.s.f.DefaultMavenResourcesFiltering - skip non existing resourceDirectory C:\Users\Yadav\Desktop\Unit 6 project\frail-power-8560\SweetsDelight_BK\src\test\resources
2023-07-22 09:40:43,091 [Worker-80: Building] INFO  o.a.m.s.f.DefaultMavenResourcesFiltering - Copying 1 resource from src\main\resources to target\classes
2023-07-22 09:40:43,095 [Worker-80: Building] INFO  o.a.m.s.f.DefaultMavenResourcesFiltering - Copying 0 resource from src\main\resources to target\classes
2023-07-22 09:40:43,098 [Worker-80: Building] INFO  o.a.m.s.f.DefaultMavenResourcesFiltering - skip non existing resourceDirectory C:\Users\Yadav\Desktop\Unit 6 project\frail-power-8560\SweetsDelight_BK\src\test\resources
2023-07-22 09:42:09,907 [Worker-78: Building] INFO  o.a.m.s.f.DefaultMavenResourcesFiltering - Copying 1 resource from src\main\resources to target\classes
2023-07-22 09:42:09,911 [Worker-78: Building] INFO  o.a.m.s.f.DefaultMavenResourcesFiltering - Copying 0 resource from src\main\resources to target\classes
2023-07-22 09:42:09,914 [Worker-78: Building] INFO  o.a.m.s.f.DefaultMavenResourcesFiltering - skip non existing resourceDirectory C:\Users\Yadav\Desktop\Unit 6 project\frail-power-8560\SweetsDelight_BK\src\test\resources
2023-07-22 09:46:24,170 [Worker-75: Building] INFO  o.a.m.s.f.DefaultMavenResourcesFiltering - Copying 1 resource from src\main\resources to target\classes
2023-07-22 09:46:24,175 [Worker-75: Building] INFO  o.a.m.s.f.DefaultMavenResourcesFiltering - Copying 0 resource from src\main\resources to target\classes
2023-07-22 09:46:24,177 [Worker-75: Building] INFO  o.a.m.s.f.DefaultMavenResourcesFiltering - skip non existing resourceDirectory C:\Users\Yadav\Desktop\Unit 6 project\frail-power-8560\SweetsDelight_BK\src\test\resources
2023-07-22 09:46:31,522 [Worker-78: Building] INFO  o.a.m.s.f.DefaultMavenResourcesFiltering - Copying 1 resource from src\main\resources to target\classes
2023-07-22 09:46:31,528 [Worker-78: Building] INFO  o.a.m.s.f.DefaultMavenResourcesFiltering - Copying 0 resource from src\main\resources to target\classes
2023-07-22 09:46:31,531 [Worker-78: Building] INFO  o.a.m.s.f.DefaultMavenResourcesFiltering - skip non existing resourceDirectory C:\Users\Yadav\Desktop\Unit 6 project\frail-power-8560\SweetsDelight_BK\src\test\resources
2023-07-22 09:47:57,909 [Worker-78: Building] INFO  o.a.m.s.f.DefaultMavenResourcesFiltering - Copying 1 resource from src\main\resources to target\classes
2023-07-22 09:47:57,914 [Worker-78: Building] INFO  o.a.m.s.f.DefaultMavenResourcesFiltering - Copying 0 resource from src\main\resources to target\classes
2023-07-22 09:47:57,917 [Worker-78: Building] INFO  o.a.m.s.f.DefaultMavenResourcesFiltering - skip non existing resourceDirectory C:\Users\Yadav\Desktop\Unit 6 project\frail-power-8560\SweetsDelight_BK\src\test\resources
2023-07-22 09:48:15,864 [Worker-75: Building] INFO  o.a.m.s.f.DefaultMavenResourcesFiltering - Copying 1 resource from src\main\resources to target\classes
2023-07-22 09:48:15,869 [Worker-75: Building] INFO  o.a.m.s.f.DefaultMavenResourcesFiltering - Copying 0 resource from src\main\resources to target\classes
2023-07-22 09:48:15,875 [Worker-75: Building] INFO  o.a.m.s.f.DefaultMavenResourcesFiltering - skip non existing resourceDirectory C:\Users\Yadav\Desktop\Unit 6 project\frail-power-8560\SweetsDelight_BK\src\test\resources
2023-07-22 09:49:06,516 [Worker-82: Building] INFO  o.a.m.s.f.DefaultMavenResourcesFiltering - Copying 1 resource from src\main\resources to target\classes
2023-07-22 09:49:06,520 [Worker-82: Building] INFO  o.a.m.s.f.DefaultMavenResourcesFiltering - Copying 0 resource from src\main\resources to target\classes
2023-07-22 09:49:06,523 [Worker-82: Building] INFO  o.a.m.s.f.DefaultMavenResourcesFiltering - skip non existing resourceDirectory C:\Users\Yadav\Desktop\Unit 6 project\frail-power-8560\SweetsDelight_BK\src\test\resources
2023-07-22 09:51:16,876 [Worker-80: Building] INFO  o.a.m.s.f.DefaultMavenResourcesFiltering - Copying 1 resource from src\main\resources to target\classes
2023-07-22 09:51:16,880 [Worker-80: Building] INFO  o.a.m.s.f.DefaultMavenResourcesFiltering - Copying 0 resource from src\main\resources to target\classes
2023-07-22 09:51:16,883 [Worker-80: Building] INFO  o.a.m.s.f.DefaultMavenResourcesFiltering - skip non existing resourceDirectory C:\Users\Yadav\Desktop\Unit 6 project\frail-power-8560\SweetsDelight_BK\src\test\resources
2023-07-22 09:52:10,884 [Worker-87: Building] INFO  o.a.m.s.f.DefaultMavenResourcesFiltering - Copying 1 resource from src\main\resources to target\classes
2023-07-22 09:52:10,888 [Worker-87: Building] INFO  o.a.m.s.f.DefaultMavenResourcesFiltering - Copying 0 resource from src\main\resources to target\classes
2023-07-22 09:52:10,890 [Worker-87: Building] INFO  o.a.m.s.f.DefaultMavenResourcesFiltering - skip non existing resourceDirectory C:\Users\Yadav\Desktop\Unit 6 project\frail-power-8560\SweetsDelight_BK\src\test\resources
2023-07-22 09:53:22,292 [Worker-87: Building] INFO  o.a.m.s.f.DefaultMavenResourcesFiltering - Copying 1 resource from src\main\resources to target\classes
2023-07-22 09:53:22,298 [Worker-87: Building] INFO  o.a.m.s.f.DefaultMavenResourcesFiltering - Copying 0 resource from src\main\resources to target\classes
2023-07-22 09:53:22,301 [Worker-87: Building] INFO  o.a.m.s.f.DefaultMavenResourcesFiltering - skip non existing resourceDirectory C:\Users\Yadav\Desktop\Unit 6 project\frail-power-8560\SweetsDelight_BK\src\test\resources
2023-07-22 09:54:43,448 [Worker-80: Building] INFO  o.a.m.s.f.DefaultMavenResourcesFiltering - Copying 1 resource from src\main\resources to target\classes
2023-07-22 09:54:43,454 [Worker-80: Building] INFO  o.a.m.s.f.DefaultMavenResourcesFiltering - Copying 0 resource from src\main\resources to target\classes
2023-07-22 09:54:43,457 [Worker-80: Building] INFO  o.a.m.s.f.DefaultMavenResourcesFiltering - skip non existing resourceDirectory C:\Users\Yadav\Desktop\Unit 6 project\frail-power-8560\SweetsDelight_BK\src\test\resources
2023-07-22 09:55:31,049 [Worker-80: Building] INFO  o.a.m.s.f.DefaultMavenResourcesFiltering - Copying 1 resource from src\main\resources to target\classes
2023-07-22 09:55:31,061 [Worker-80: Building] INFO  o.a.m.s.f.DefaultMavenResourcesFiltering - Copying 0 resource from src\main\resources to target\classes
2023-07-22 09:55:31,065 [Worker-80: Building] INFO  o.a.m.s.f.DefaultMavenResourcesFiltering - skip non existing resourceDirectory C:\Users\Yadav\Desktop\Unit 6 project\frail-power-8560\SweetsDelight_BK\src\test\resources
2023-07-22 09:57:21,962 [Worker-86: Building] INFO  o.a.m.s.f.DefaultMavenResourcesFiltering - Copying 1 resource from src\main\resources to target\classes
2023-07-22 09:57:21,967 [Worker-86: Building] INFO  o.a.m.s.f.DefaultMavenResourcesFiltering - Copying 0 resource from src\main\resources to target\classes
2023-07-22 09:57:21,970 [Worker-86: Building] INFO  o.a.m.s.f.DefaultMavenResourcesFiltering - skip non existing resourceDirectory C:\Users\Yadav\Desktop\Unit 6 project\frail-power-8560\SweetsDelight_BK\src\test\resources
2023-07-22 09:57:40,709 [Worker-80: Building] INFO  o.a.m.s.f.DefaultMavenResourcesFiltering - Copying 1 resource from src\main\resources to target\classes
2023-07-22 09:57:40,714 [Worker-80: Building] INFO  o.a.m.s.f.DefaultMavenResourcesFiltering - Copying 0 resource from src\main\resources to target\classes
2023-07-22 09:57:40,740 [Worker-80: Building] INFO  o.a.m.s.f.DefaultMavenResourcesFiltering - skip non existing resourceDirectory C:\Users\Yadav\Desktop\Unit 6 project\frail-power-8560\SweetsDelight_BK\src\test\resources
2023-07-22 09:58:57,196 [Worker-87: Building] INFO  o.a.m.s.f.DefaultMavenResourcesFiltering - Copying 1 resource from src\main\resources to target\classes
2023-07-22 09:58:57,200 [Worker-87: Building] INFO  o.a.m.s.f.DefaultMavenResourcesFiltering - Copying 0 resource from src\main\resources to target\classes
2023-07-22 09:58:57,203 [Worker-87: Building] INFO  o.a.m.s.f.DefaultMavenResourcesFiltering - skip non existing resourceDirectory C:\Users\Yadav\Desktop\Unit 6 project\frail-power-8560\SweetsDelight_BK\src\test\resources
2023-07-22 10:01:51,043 [Worker-87: Building] INFO  o.a.m.s.f.DefaultMavenResourcesFiltering - Copying 1 resource from src\main\resources to target\classes
2023-07-22 10:01:51,048 [Worker-87: Building] INFO  o.a.m.s.f.DefaultMavenResourcesFiltering - Copying 0 resource from src\main\resources to target\classes
2023-07-22 10:01:51,051 [Worker-87: Building] INFO  o.a.m.s.f.DefaultMavenResourcesFiltering - skip non existing resourceDirectory C:\Users\Yadav\Desktop\Unit 6 project\frail-power-8560\SweetsDelight_BK\src\test\resources
2023-07-22 10:05:48,506 [Worker-90: Building] INFO  o.a.m.s.f.DefaultMavenResourcesFiltering - Copying 1 resource from src\main\resources to target\classes
2023-07-22 10:05:48,510 [Worker-90: Building] INFO  o.a.m.s.f.DefaultMavenResourcesFiltering - Copying 0 resource from src\main\resources to target\classes
2023-07-22 10:05:48,513 [Worker-90: Building] INFO  o.a.m.s.f.DefaultMavenResourcesFiltering - skip non existing resourceDirectory C:\Users\Yadav\Desktop\Unit 6 project\frail-power-8560\SweetsDelight_BK\src\test\resources
2023-07-22 10:05:52,995 [Worker-85: Launching SweetsDelight_BK - SweetsDelightBkApplication] INFO  o.a.m.s.f.DefaultMavenResourcesFiltering - Copying 1 resource from src\main\resources to target\classes
2023-07-22 10:05:53,000 [Worker-85: Launching SweetsDelight_BK - SweetsDelightBkApplication] INFO  o.a.m.s.f.DefaultMavenResourcesFiltering - Copying 0 resource from src\main\resources to target\classes
2023-07-22 10:05:53,004 [Worker-85: Launching SweetsDelight_BK - SweetsDelightBkApplication] INFO  o.a.m.s.f.DefaultMavenResourcesFiltering - skip non existing resourceDirectory C:\Users\Yadav\Desktop\Unit 6 project\frail-power-8560\SweetsDelight_BK\src\test\resources
2023-07-22 10:06:32,162 [Worker-90: Building] INFO  o.a.m.s.f.DefaultMavenResourcesFiltering - Copying 1 resource from src\main\resources to target\classes
2023-07-22 10:06:32,166 [Worker-90: Building] INFO  o.a.m.s.f.DefaultMavenResourcesFiltering - Copying 0 resource from src\main\resources to target\classes
2023-07-22 10:06:32,170 [Worker-90: Building] INFO  o.a.m.s.f.DefaultMavenResourcesFiltering - skip non existing resourceDirectory C:\Users\Yadav\Desktop\Unit 6 project\frail-power-8560\SweetsDelight_BK\src\test\resources
2023-07-22 10:10:57,435 [Worker-91: Building] INFO  o.a.m.s.f.DefaultMavenResourcesFiltering - Copying 1 resource from src\main\resources to target\classes
2023-07-22 10:10:57,440 [Worker-91: Building] INFO  o.a.m.s.f.DefaultMavenResourcesFiltering - Copying 0 resource from src\main\resources to target\classes
2023-07-22 10:10:57,443 [Worker-91: Building] INFO  o.a.m.s.f.DefaultMavenResourcesFiltering - skip non existing resourceDirectory C:\Users\Yadav\Desktop\Unit 6 project\frail-power-8560\SweetsDelight_BK\src\test\resources
2023-07-22 10:11:10,358 [Worker-94: Building] INFO  o.a.m.s.f.DefaultMavenResourcesFiltering - Copying 1 resource from src\main\resources to target\classes
2023-07-22 10:11:10,363 [Worker-94: Building] INFO  o.a.m.s.f.DefaultMavenResourcesFiltering - Copying 0 resource from src\main\resources to target\classes
2023-07-22 10:11:10,365 [Worker-94: Building] INFO  o.a.m.s.f.DefaultMavenResourcesFiltering - skip non existing resourceDirectory C:\Users\Yadav\Desktop\Unit 6 project\frail-power-8560\SweetsDelight_BK\src\test\resources
2023-07-22 10:12:53,076 [Worker-95: Building] INFO  o.a.m.s.f.DefaultMavenResourcesFiltering - Copying 1 resource from src\main\resources to target\classes
2023-07-22 10:12:53,082 [Worker-95: Building] INFO  o.a.m.s.f.DefaultMavenResourcesFiltering - Copying 0 resource from src\main\resources to target\classes
2023-07-22 10:12:53,085 [Worker-95: Building] INFO  o.a.m.s.f.DefaultMavenResourcesFiltering - skip non existing resourceDirectory C:\Users\Yadav\Desktop\Unit 6 project\frail-power-8560\SweetsDelight_BK\src\test\resources
2023-07-22 10:15:00,902 [Worker-90: Building] INFO  o.a.m.s.f.DefaultMavenResourcesFiltering - Copying 1 resource from src\main\resources to target\classes
2023-07-22 10:15:00,916 [Worker-90: Building] INFO  o.a.m.s.f.DefaultMavenResourcesFiltering - Copying 0 resource from src\main\resources to target\classes
2023-07-22 10:15:00,919 [Worker-90: Building] INFO  o.a.m.s.f.DefaultMavenResourcesFiltering - skip non existing resourceDirectory C:\Users\Yadav\Desktop\Unit 6 project\frail-power-8560\SweetsDelight_BK\src\test\resources
2023-07-22 10:15:57,215 [Worker-90: Building] INFO  o.a.m.s.f.DefaultMavenResourcesFiltering - Copying 1 resource from src\main\resources to target\classes
2023-07-22 10:15:57,226 [Worker-90: Building] INFO  o.a.m.s.f.DefaultMavenResourcesFiltering - Copying 0 resource from src\main\resources to target\classes
2023-07-22 10:15:57,229 [Worker-90: Building] INFO  o.a.m.s.f.DefaultMavenResourcesFiltering - skip non existing resourceDirectory C:\Users\Yadav\Desktop\Unit 6 project\frail-power-8560\SweetsDelight_BK\src\test\resources
2023-07-22 10:16:35,754 [Worker-97: Building] INFO  o.a.m.s.f.DefaultMavenResourcesFiltering - Copying 1 resource from src\main\resources to target\classes
2023-07-22 10:16:35,760 [Worker-97: Building] INFO  o.a.m.s.f.DefaultMavenResourcesFiltering - Copying 0 resource from src\main\resources to target\classes
2023-07-22 10:16:35,763 [Worker-97: Building] INFO  o.a.m.s.f.DefaultMavenResourcesFiltering - skip non existing resourceDirectory C:\Users\Yadav\Desktop\Unit 6 project\frail-power-8560\SweetsDelight_BK\src\test\resources
2023-07-22 10:16:43,577 [Worker-94: Launching SweetsDelight_BK - SweetsDelightBkApplication] INFO  o.a.m.s.f.DefaultMavenResourcesFiltering - Copying 1 resource from src\main\resources to target\classes
2023-07-22 10:16:43,582 [Worker-94: Launching SweetsDelight_BK - SweetsDelightBkApplication] INFO  o.a.m.s.f.DefaultMavenResourcesFiltering - Copying 0 resource from src\main\resources to target\classes
2023-07-22 10:16:43,585 [Worker-94: Launching SweetsDelight_BK - SweetsDelightBkApplication] INFO  o.a.m.s.f.DefaultMavenResourcesFiltering - skip non existing resourceDirectory C:\Users\Yadav\Desktop\Unit 6 project\frail-power-8560\SweetsDelight_BK\src\test\resources
2023-07-22 10:23:42,122 [Worker-91: Building] INFO  o.a.m.s.f.DefaultMavenResourcesFiltering - Copying 1 resource from src\main\resources to target\classes
2023-07-22 10:23:42,127 [Worker-91: Building] INFO  o.a.m.s.f.DefaultMavenResourcesFiltering - Copying 0 resource from src\main\resources to target\classes
2023-07-22 10:23:42,129 [Worker-91: Building] INFO  o.a.m.s.f.DefaultMavenResourcesFiltering - skip non existing resourceDirectory C:\Users\Yadav\Desktop\Unit 6 project\frail-power-8560\SweetsDelight_BK\src\test\resources
2023-07-22 10:24:07,345 [Worker-100: Building] INFO  o.a.m.s.f.DefaultMavenResourcesFiltering - Copying 1 resource from src\main\resources to target\classes
2023-07-22 10:24:07,350 [Worker-100: Building] INFO  o.a.m.s.f.DefaultMavenResourcesFiltering - Copying 0 resource from src\main\resources to target\classes
2023-07-22 10:24:07,353 [Worker-100: Building] INFO  o.a.m.s.f.DefaultMavenResourcesFiltering - skip non existing resourceDirectory C:\Users\Yadav\Desktop\Unit 6 project\frail-power-8560\SweetsDelight_BK\src\test\resources
2023-07-22 10:24:29,345 [Worker-94: Building] INFO  o.a.m.s.f.DefaultMavenResourcesFiltering - Copying 1 resource from src\main\resources to target\classes
2023-07-22 10:24:29,350 [Worker-94: Building] INFO  o.a.m.s.f.DefaultMavenResourcesFiltering - Copying 0 resource from src\main\resources to target\classes
2023-07-22 10:24:29,352 [Worker-94: Building] INFO  o.a.m.s.f.DefaultMavenResourcesFiltering - skip non existing resourceDirectory C:\Users\Yadav\Desktop\Unit 6 project\frail-power-8560\SweetsDelight_BK\src\test\resources
2023-07-22 10:26:03,147 [Worker-91: Building] INFO  o.a.m.s.f.DefaultMavenResourcesFiltering - Copying 1 resource from src\main\resources to target\classes
2023-07-22 10:26:03,150 [Worker-91: Building] INFO  o.a.m.s.f.DefaultMavenResourcesFiltering - Copying 0 resource from src\main\resources to target\classes
2023-07-22 10:26:03,153 [Worker-91: Building] INFO  o.a.m.s.f.DefaultMavenResourcesFiltering - skip non existing resourceDirectory C:\Users\Yadav\Desktop\Unit 6 project\frail-power-8560\SweetsDelight_BK\src\test\resources
2023-07-22 10:26:46,274 [Worker-99: Launching SweetsDelight_BK - SweetsDelightBkApplication] INFO  o.a.m.s.f.DefaultMavenResourcesFiltering - Copying 1 resource from src\main\resources to target\classes
2023-07-22 10:26:46,278 [Worker-99: Launching SweetsDelight_BK - SweetsDelightBkApplication] INFO  o.a.m.s.f.DefaultMavenResourcesFiltering - Copying 0 resource from src\main\resources to target\classes
2023-07-22 10:26:46,281 [Worker-99: Launching SweetsDelight_BK - SweetsDelightBkApplication] INFO  o.a.m.s.f.DefaultMavenResourcesFiltering - skip non existing resourceDirectory C:\Users\Yadav\Desktop\Unit 6 project\frail-power-8560\SweetsDelight_BK\src\test\resources
2023-07-22 10:33:14,788 [Worker-107: Building] INFO  o.a.m.s.f.DefaultMavenResourcesFiltering - Copying 1 resource from src\main\resources to target\classes
2023-07-22 10:33:14,793 [Worker-107: Building] INFO  o.a.m.s.f.DefaultMavenResourcesFiltering - Copying 0 resource from src\main\resources to target\classes
2023-07-22 10:33:14,795 [Worker-107: Building] INFO  o.a.m.s.f.DefaultMavenResourcesFiltering - skip non existing resourceDirectory C:\Users\Yadav\Desktop\Unit 6 project\frail-power-8560\SweetsDelight_BK\src\test\resources
2023-07-22 10:36:56,554 [Worker-113: Building] INFO  o.a.m.s.f.DefaultMavenResourcesFiltering - Copying 1 resource from src\main\resources to target\classes
2023-07-22 10:36:56,557 [Worker-113: Building] INFO  o.a.m.s.f.DefaultMavenResourcesFiltering - Copying 0 resource from src\main\resources to target\classes
2023-07-22 10:36:56,559 [Worker-113: Building] INFO  o.a.m.s.f.DefaultMavenResourcesFiltering - skip non existing resourceDirectory C:\Users\Yadav\Desktop\Unit 6 project\frail-power-8560\SweetsDelight_BK\src\test\resources
2023-07-22 10:37:08,480 [Worker-110: Launching SweetsDelight_BK - SweetsDelightBkApplication] INFO  o.a.m.s.f.DefaultMavenResourcesFiltering - Copying 1 resource from src\main\resources to target\classes
2023-07-22 10:37:08,485 [Worker-110: Launching SweetsDelight_BK - SweetsDelightBkApplication] INFO  o.a.m.s.f.DefaultMavenResourcesFiltering - Copying 0 resource from src\main\resources to target\classes
2023-07-22 10:37:08,488 [Worker-110: Launching SweetsDelight_BK - SweetsDelightBkApplication] INFO  o.a.m.s.f.DefaultMavenResourcesFiltering - skip non existing resourceDirectory C:\Users\Yadav\Desktop\Unit 6 project\frail-power-8560\SweetsDelight_BK\src\test\resources
2023-07-22 10:38:56,019 [Worker-113: Building] INFO  o.a.m.s.f.DefaultMavenResourcesFiltering - Copying 1 resource from src\main\resources to target\classes
2023-07-22 10:38:56,022 [Worker-113: Building] INFO  o.a.m.s.f.DefaultMavenResourcesFiltering - Copying 0 resource from src\main\resources to target\classes
2023-07-22 10:38:56,025 [Worker-113: Building] INFO  o.a.m.s.f.DefaultMavenResourcesFiltering - skip non existing resourceDirectory C:\Users\Yadav\Desktop\Unit 6 project\frail-power-8560\SweetsDelight_BK\src\test\resources
2023-07-22 10:40:35,267 [Worker-113: Launching SweetsDelight_BK - SweetsDelightBkApplication] INFO  o.a.m.s.f.DefaultMavenResourcesFiltering - Copying 1 resource from src\main\resources to target\classes
2023-07-22 10:40:35,277 [Worker-113: Launching SweetsDelight_BK - SweetsDelightBkApplication] INFO  o.a.m.s.f.DefaultMavenResourcesFiltering - Copying 0 resource from src\main\resources to target\classes
2023-07-22 10:40:35,283 [Worker-113: Launching SweetsDelight_BK - SweetsDelightBkApplication] INFO  o.a.m.s.f.DefaultMavenResourcesFiltering - skip non existing resourceDirectory C:\Users\Yadav\Desktop\Unit 6 project\frail-power-8560\SweetsDelight_BK\src\test\resources
2023-07-22 10:41:30,050 [Worker-113: Building] INFO  o.a.m.s.f.DefaultMavenResourcesFiltering - Copying 1 resource from src\main\resources to target\classes
2023-07-22 10:41:30,055 [Worker-113: Building] INFO  o.a.m.s.f.DefaultMavenResourcesFiltering - Copying 0 resource from src\main\resources to target\classes
2023-07-22 10:41:30,058 [Worker-113: Building] INFO  o.a.m.s.f.DefaultMavenResourcesFiltering - skip non existing resourceDirectory C:\Users\Yadav\Desktop\Unit 6 project\frail-power-8560\SweetsDelight_BK\src\test\resources
2023-07-22 10:43:39,969 [Worker-108: Building] INFO  o.a.m.s.f.DefaultMavenResourcesFiltering - Copying 1 resource from src\main\resources to target\classes
2023-07-22 10:43:39,971 [Worker-108: Building] INFO  o.a.m.s.f.DefaultMavenResourcesFiltering - Copying 0 resource from src\main\resources to target\classes
2023-07-22 10:43:39,973 [Worker-108: Building] INFO  o.a.m.s.f.DefaultMavenResourcesFiltering - skip non existing resourceDirectory C:\Users\Yadav\Desktop\Unit 6 project\frail-power-8560\SweetsDelight_BK\src\test\resources
2023-07-22 10:44:06,705 [Worker-115: Building] INFO  o.a.m.s.f.DefaultMavenResourcesFiltering - Copying 1 resource from src\main\resources to target\classes
2023-07-22 10:44:06,710 [Worker-115: Building] INFO  o.a.m.s.f.DefaultMavenResourcesFiltering - Copying 0 resource from src\main\resources to target\classes
2023-07-22 10:44:06,713 [Worker-115: Building] INFO  o.a.m.s.f.DefaultMavenResourcesFiltering - skip non existing resourceDirectory C:\Users\Yadav\Desktop\Unit 6 project\frail-power-8560\SweetsDelight_BK\src\test\resources
2023-07-22 10:44:45,635 [Worker-108: Launching SweetsDelight_BK - SweetsDelightBkApplication] INFO  o.a.m.s.f.DefaultMavenResourcesFiltering - Copying 1 resource from src\main\resources to target\classes
2023-07-22 10:44:45,693 [Worker-108: Launching SweetsDelight_BK - SweetsDelightBkApplication] INFO  o.a.m.s.f.DefaultMavenResourcesFiltering - Copying 0 resource from src\main\resources to target\classes
2023-07-22 10:44:45,730 [Worker-108: Launching SweetsDelight_BK - SweetsDelightBkApplication] INFO  o.a.m.s.f.DefaultMavenResourcesFiltering - skip non existing resourceDirectory C:\Users\Yadav\Desktop\Unit 6 project\frail-power-8560\SweetsDelight_BK\src\test\resources
2023-07-22 10:47:31,384 [Worker-115: Building] INFO  o.a.m.s.f.DefaultMavenResourcesFiltering - Copying 1 resource from src\main\resources to target\classes
2023-07-22 10:47:31,388 [Worker-115: Building] INFO  o.a.m.s.f.DefaultMavenResourcesFiltering - Copying 0 resource from src\main\resources to target\classes
2023-07-22 10:47:31,391 [Worker-115: Building] INFO  o.a.m.s.f.DefaultMavenResourcesFiltering - skip non existing resourceDirectory C:\Users\Yadav\Desktop\Unit 6 project\frail-power-8560\SweetsDelight_BK\src\test\resources
2023-07-22 10:48:38,122 [Worker-115: Building] INFO  o.a.m.s.f.DefaultMavenResourcesFiltering - Copying 1 resource from src\main\resources to target\classes
2023-07-22 10:48:38,127 [Worker-115: Building] INFO  o.a.m.s.f.DefaultMavenResourcesFiltering - Copying 0 resource from src\main\resources to target\classes
2023-07-22 10:48:38,130 [Worker-115: Building] INFO  o.a.m.s.f.DefaultMavenResourcesFiltering - skip non existing resourceDirectory C:\Users\Yadav\Desktop\Unit 6 project\frail-power-8560\SweetsDelight_BK\src\test\resources
2023-07-22 10:49:11,671 [Worker-115: Building] INFO  o.a.m.s.f.DefaultMavenResourcesFiltering - Copying 1 resource from src\main\resources to target\classes
2023-07-22 10:49:11,675 [Worker-115: Building] INFO  o.a.m.s.f.DefaultMavenResourcesFiltering - Copying 0 resource from src\main\resources to target\classes
